15:13:43 **** Incremental Build of configuration Debug for project TestARM ****
make all 
Building target: TestARM
Invoking: Cross G++ Linker
arm-linux-gnueabihf-g++  -o "TestARM" ./src/TestARM.o   
Finished building target: TestARM
 
scp TestARM debian@192.168.7.2:/home/debian/BBBTest
Debian GNU/Linux 10

BeagleBoard.org Debian Buster IoT Image 2020-04-06

Support: http://elinux.org/Beagleboard:BeagleBoneBlack_Debian

default username:password is [debian:temppwd]

 
15:15:44 **** Incremental Build of configuration Debug for project TestARM ****
make all 
make[1]: Er hoeft niets gedaan te worden voor 'main-build'.
scp TestARM debian@192.168.7.2:/home/debian/BBBTest
Debian GNU/Linux 10

BeagleBoard.org Debian Buster IoT Image 2020-04-06

Support: http://elinux.org/Beagleboard:BeagleBoneBlack_Debian

default username:password is [debian:temppwd]

 
15:16:11 **** Incremental Build of configuration Debug for project TestARM ****
make all 
Building file: ../src/TestARM.cpp
Invoking: Cross G++ Compiler
arm-linux-gnueabihf-g++ -O0 -g3 -Wall -c -fmessage-length=0 -MMD -MP -MF"src/TestARM.d" -MT"src/TestARM.o" -o "src/TestARM.o" "../src/TestARM.cpp"
Finished building: ../src/TestARM.cpp
 
Building target: TestARM
Invoking: Cross G++ Linker
arm-linux-gnueabihf-g++  -o "TestARM" ./src/TestARM.o   
Finished building target: TestARM
 
scp TestARM debian@192.168.7.2:/home/debian/BBBTest
Debian GNU/Linux 10

BeagleBoard.org Debian Buster IoT Image 2020-04-06

Support: http://elinux.org/Beagleboard:BeagleBoneBlack_Debian

default username:password is [debian:temppwd]

 
16:38:11 **** Incremental Build of configuration Debug for project TestARM ****
make all 
make[1]: Er hoeft niets gedaan te worden voor 'main-build'.
scp TestARM debian@192.168.7.2:/home/debian/BBBTest
Debian GNU/Linux 10

BeagleBoard.org Debian Buster IoT Image 2020-04-06

Support: http://elinux.org/Beagleboard:BeagleBoneBlack_Debian

default username:password is [debian:temppwd]

 
16:40:58 **** Incremental Build of configuration Release for project TestARM ****
make all 
Building file: ../src/TestARM.cpp
Invoking: Cross G++ Compiler
arm-linux-gnueabihf-g++ -O3 -Wall -c -fmessage-length=0 -MMD -MP -MF"src/TestARM.d" -MT"src/TestARM.o" -o "src/TestARM.o" "../src/TestARM.cpp"
../src/TestARM.cpp: In function ‘int main()’:
../src/TestARM.cpp:14:2: error: ‘c’ was not declared in this scope
   14 |  c++;
      |  ^
../src/TestARM.cpp:13:6: warning: unused variable ‘x’ [-Wunused-variable]
   13 |  int x = 5;
      |      ^
make: *** [src/subdir.mk:20: src/TestARM.o] Fout 1
"make all" terminated with exit code 2. Build might be incomplete.
16:41:45 **** Incremental Build of configuration Release for project TestARM ****
make all 
Building file: ../src/TestARM.cpp
Invoking: Cross G++ Compiler
arm-linux-gnueabihf-g++ -O3 -Wall -c -fmessage-length=0 -MMD -MP -MF"src/TestARM.d" -MT"src/TestARM.o" -o "src/TestARM.o" "../src/TestARM.cpp"
Finished building: ../src/TestARM.cpp
 
Building target: TestARM
Invoking: Cross G++ Linker
arm-linux-gnueabihf-g++  -o "TestARM" ./src/TestARM.o   
Finished building target: TestARM
 
16:45:57 **** Incremental Build of configuration Release for project TestARM ****
make all 
make: Er hoeft niets gedaan te worden voor 'all'.
16:46:56 **** Incremental Build of configuration Release for project TestARM ****
make all 
make: Er hoeft niets gedaan te worden voor 'all'.
16:47:25 **** Incremental Build of configuration Release for project TestARM ****
make all 
20:29:22 **** Build of configuration Release for project TestARM ****
make all 
make: Er hoeft niets gedaan te worden voor 'all'.
20:32:35 **** Incremental Build of configuration Release for project TestARM ****
make all 
make: Er hoeft niets gedaan te worden voor 'all'.
20:32:47 **** Incremental Build of configuration Release for project TestARM ****
make all 
Building file: ../src/TestARM.cpp
Invoking: Cross G++ Compiler
arm-linux-gnueabihf-g++ -O3 -Wall -c -fmessage-length=0 -MMD -MP -MF"src/TestARM.d" -MT"src/TestARM.o" -o "src/TestARM.o" "../src/TestARM.cpp"
Finished building: ../src/TestARM.cpp
 
Building target: TestARM
Invoking: Cross G++ Linker
arm-linux-gnueabihf-g++  -o "TestARM" ./src/TestARM.o   
Finished building target: TestARM
 
20:36:39 **** Incremental Build of configuration Release for project TestARM ****
make all 
Building file: ../src/TestARM.cpp
Invoking: Cross G++ Compiler
arm-linux-gnueabihf-g++ -O3 -Wall -c -fmessage-length=0 -MMD -MP -MF"src/TestARM.d" -MT"src/TestARM.o" -o "src/TestARM.o" "../src/TestARM.cpp"
Finished building: ../src/TestARM.cpp
 
Building target: TestARM
Invoking: Cross G++ Linker
arm-linux-gnueabihf-g++  -o "TestARM" ./src/TestARM.o   
Finished building target: TestARM
 
20:38:13 **** Incremental Build of configuration Release for project TestARM ****
make all 
make: Er hoeft niets gedaan te worden voor 'all'.
20:38:27 **** Incremental Build of configuration Release for project TestARM ****
make all 
Building file: ../src/TestARM.cpp
Invoking: Cross G++ Compiler
arm-linux-gnueabihf-g++ -O3 -Wall -c -fmessage-length=0 -MMD -MP -MF"src/TestARM.d" -MT"src/TestARM.o" -o "src/TestARM.o" "../src/TestARM.cpp"
Finished building: ../src/TestARM.cpp
 
Building target: TestARM
Invoking: Cross G++ Linker
arm-linux-gnueabihf-g++  -o "TestARM" ./src/TestARM.o   
Finished building target: TestARM
 
20:39:55 **** Incremental Build of configuration Release for project TestARM ****
make all 
Building file: ../src/TestARM.cpp
Invoking: Cross G++ Compiler
arm-linux-gnueabihf-g++ -O3 -Wall -c -fmessage-length=0 -MMD -MP -MF"src/TestARM.d" -MT"src/TestARM.o" -o "src/TestARM.o" "../src/TestARM.cpp"
Finished building: ../src/TestARM.cpp
 
Building target: TestARM
Invoking: Cross G++ Linker
arm-linux-gnueabihf-g++  -o "TestARM" ./src/TestARM.o   
Finished building target: TestARM
 
scp TestARM debian@192.168.7.2:/home/debian/BBBTest
Debian GNU/Linux 10

BeagleBoard.org Debian Buster IoT Image 2020-04-06

Support: http://elinux.org/Beagleboard:BeagleBoneBlack_Debian

default username:password is [debian:temppwd]

 
20:43:04 **** Incremental Build of configuration Release for project TestARM ****
make all 
make[1]: Er hoeft niets gedaan te worden voor 'main-build'.
scp TestARM debian@192.168.7.2:/home/debian/BBBTest
Debian GNU/Linux 10

BeagleBoard.org Debian Buster IoT Image 2020-04-06

Support: http://elinux.org/Beagleboard:BeagleBoneBlack_Debian

default username:password is [debian:temppwd]

 
20:45:49 **** Incremental Build of configuration Release for project TestARM ****
make all 
make[1]: Er hoeft niets gedaan te worden voor 'main-build'.
scp TestARM debian@192.168.7.2:/home/debian/BBBTest
Debian GNU/Linux 10

BeagleBoard.org Debian Buster IoT Image 2020-04-06

Support: http://elinux.org/Beagleboard:BeagleBoneBlack_Debian

default username:password is [debian:temppwd]

 
20:47:23 **** Incremental Build of configuration Release for project TestARM ****
make all 
make[1]: Er hoeft niets gedaan te worden voor 'main-build'.
scp TestARM debian@192.168.7.2:/home/debian/BBBTest
Debian GNU/Linux 10

BeagleBoard.org Debian Buster IoT Image 2020-04-06

Support: http://elinux.org/Beagleboard:BeagleBoneBlack_Debian

default username:password is [debian:temppwd]

 
08:47:01 **** Incremental Build of configuration Release for project TestARM ****
make all 
Building file: ../src/TestARM.cpp
Invoking: Cross G++ Compiler
arm-linux-gnueabihf-g++ -O3 -Wall -c -fmessage-length=0 -MMD -MP -MF"src/TestARM.d" -MT"src/TestARM.o" -o "src/TestARM.o" "../src/TestARM.cpp"
Finished building: ../src/TestARM.cpp
 
Building target: TestARM
Invoking: Cross G++ Linker
arm-linux-gnueabihf-g++  -o "TestARM" ./src/TestARM.o   
Finished building target: TestARM
 
scp TestARM debian@192.168.7.2:/home/debian/BBBTest
Debian GNU/Linux 10

BeagleBoard.org Debian Buster IoT Image 2020-04-06

Support: http://elinux.org/Beagleboard:BeagleBoneBlack_Debian

default username:password is [debian:temppwd]

 
08:47:33 **** Incremental Build of configuration Release for project TestARM ****
make all 
Building file: ../src/TestARM.cpp
Invoking: Cross G++ Compiler
arm-linux-gnueabihf-g++ -O3 -Wall -c -fmessage-length=0 -MMD -MP -MF"src/TestARM.d" -MT"src/TestARM.o" -o "src/TestARM.o" "../src/TestARM.cpp"
Finished building: ../src/TestARM.cpp
 
Building target: TestARM
Invoking: Cross G++ Linker
arm-linux-gnueabihf-g++  -o "TestARM" ./src/TestARM.o   
Finished building target: TestARM
 
scp TestARM debian@192.168.7.2:/home/debian/BBBTest
Debian GNU/Linux 10

BeagleBoard.org Debian Buster IoT Image 2020-04-06

Support: http://elinux.org/Beagleboard:BeagleBoneBlack_Debian

default username:password is [debian:temppwd]

 
08:50:19 **** Incremental Build of configuration Release for project TestARM ****
make all 
make[1]: Er hoeft niets gedaan te worden voor 'main-build'.
scp TestARM debian@192.168.7.2:/home/debian/BBBTest
Debian GNU/Linux 10

BeagleBoard.org Debian Buster IoT Image 2020-04-06

Support: http://elinux.org/Beagleboard:BeagleBoneBlack_Debian

default username:password is [debian:temppwd]

 
08:51:45 **** Clean-only build of configuration Debug for project TestARM ****
make clean 
rm -rf ./src/TestARM.d ./src/TestARM.o
rm -rf TestARM
 
08:51:46 **** Incremental Build of configuration Debug for project TestARM ****
make all 
Building file: ../src/TestARM.cpp
Invoking: Cross G++ Compiler
arm-linux-gnueabihf-g++ -O0 -g3 -Wall -c -fmessage-length=0 -MMD -MP -MF"src/TestARM.d" -MT"src/TestARM.o" -o "src/TestARM.o" "../src/TestARM.cpp"
Finished building: ../src/TestARM.cpp
 
Building target: TestARM
Invoking: Cross G++ Linker
arm-linux-gnueabihf-g++  -o "TestARM" ./src/TestARM.o   
Finished building target: TestARM
 
scp TestARM debian@192.168.7.2:/home/debian/BBBTest
Debian GNU/Linux 10

BeagleBoard.org Debian Buster IoT Image 2020-04-06

Support: http://elinux.org/Beagleboard:BeagleBoneBlack_Debian

default username:password is [debian:temppwd]

 
08:56:32 **** Incremental Build of configuration Release for project TestARM ****
make all 
Building file: ../src/TestARM.cpp
Invoking: Cross G++ Compiler
arm-linux-gnueabihf-g++ -O3 -Wall -c -fmessage-length=0 -MMD -MP -MF"src/TestARM.d" -MT"src/TestARM.o" -o "src/TestARM.o" "../src/TestARM.cpp"
Finished building: ../src/TestARM.cpp
 
Building target: TestARM
Invoking: Cross G++ Linker
arm-linux-gnueabihf-g++  -o "TestARM" ./src/TestARM.o   
Finished building target: TestARM
 
scp TestARM debian@192.168.7.2:/home/debian/BBBTest
Debian GNU/Linux 10

BeagleBoard.org Debian Buster IoT Image 2020-04-06

Support: http://elinux.org/Beagleboard:BeagleBoneBlack_Debian

default username:password is [debian:temppwd]

scp: /home/debian/BBBTest: Text file busy
make[1]: [makefile:69: post-build] Fout 1 (genegeerd)
 
08:57:07 **** Incremental Build of configuration Release for project TestARM ****
make all 
make[1]: Er hoeft niets gedaan te worden voor 'main-build'.
scp TestARM debian@192.168.7.2:/home/debian/BBBTest
Debian GNU/Linux 10

BeagleBoard.org Debian Buster IoT Image 2020-04-06

Support: http://elinux.org/Beagleboard:BeagleBoneBlack_Debian

default username:password is [debian:temppwd]

scp: /home/debian/BBBTest: Text file busy
make[1]: [makefile:69: post-build] Fout 1 (genegeerd)
 
08:57:15 **** Incremental Build of configuration Release for project TestARM ****
make all 
make[1]: Er hoeft niets gedaan te worden voor 'main-build'.
scp TestARM debian@192.168.7.2:/home/debian/BBBTest
Debian GNU/Linux 10

BeagleBoard.org Debian Buster IoT Image 2020-04-06

Support: http://elinux.org/Beagleboard:BeagleBoneBlack_Debian

default username:password is [debian:temppwd]

 
10:06:38 **** Build of configuration Release for project TestARM ****
make all 
make[1]: Er hoeft niets gedaan te worden voor 'main-build'.
scp TestARM debian@192.168.7.2:/home/debian/BBBTest
Debian GNU/Linux 10

BeagleBoard.org Debian Buster IoT Image 2020-04-06

Support: http://elinux.org/Beagleboard:BeagleBoneBlack_Debian

default username:password is [debian:temppwd]

 
10:07:39 **** Incremental Build of configuration Release for project TestARM ****
make all 
Building file: ../src/TestARM.cpp
Invoking: Cross G++ Compiler
arm-linux-gnueabihf-g++ -O3 -Wall -c -fmessage-length=0 -MMD -MP -MF"src/TestARM.d" -MT"src/TestARM.o" -o "src/TestARM.o" "../src/TestARM.cpp"
../src/TestARM.cpp: In function ‘int main(int, char**)’:
../src/TestARM.cpp:160:9: warning: unused variable ‘n’ [-Wunused-variable]
  160 |     int n = read(fd, &read_buf, sizeof(read_buf));
      |         ^
Finished building: ../src/TestARM.cpp
 
Building target: TestARM
Invoking: Cross G++ Linker
arm-linux-gnueabihf-g++  -o "TestARM" ./src/TestARM.o   
Finished building target: TestARM
 
scp TestARM debian@192.168.7.2:/home/debian/BBBTest
ssh: connect to host 192.168.7.2 port 22: Connection timed out
lost connection
make[1]: [makefile:69: post-build] Fout 1 (genegeerd)
 
10:10:23 **** Incremental Build of configuration Release for project TestARM ****
make all 
Building target: TestARM
Invoking: Cross G++ Linker
arm-linux-gnueabihf-g++  -o "TestARM" ./src/TestARM.o   
Finished building target: TestARM
 
scp TestARM debian@192.168.0.101:/home/debian/BBBTest
Debian GNU/Linux 10

BeagleBoard.org Debian Buster IoT Image 2020-04-06

Support: http://elinux.org/Beagleboard:BeagleBoneBlack_Debian

default username:password is [debian:temppwd]

 
10:11:15 **** Incremental Build of configuration Release for project TestARM ****
make all 
Building file: ../src/TestARM.cpp
Invoking: Cross G++ Compiler
arm-linux-gnueabihf-g++ -O3 -Wall -c -fmessage-length=0 -MMD -MP -MF"src/TestARM.d" -MT"src/TestARM.o" -o "src/TestARM.o" "../src/TestARM.cpp"
../src/TestARM.cpp: In function ‘int main(int, char**)’:
../src/TestARM.cpp:160:9: warning: unused variable ‘n’ [-Wunused-variable]
  160 |     int n = read(fd, &read_buf, sizeof(read_buf));
      |         ^
Finished building: ../src/TestARM.cpp
 
Building target: TestARM
Invoking: Cross G++ Linker
arm-linux-gnueabihf-g++  -o "TestARM" ./src/TestARM.o   
Finished building target: TestARM
 
scp TestARM debian@192.168.0.101:/home/debian/BBBTest
Debian GNU/Linux 10

BeagleBoard.org Debian Buster IoT Image 2020-04-06

Support: http://elinux.org/Beagleboard:BeagleBoneBlack_Debian

default username:password is [debian:temppwd]

 
10:11:41 **** Clean-only build of configuration Debug for project TestARM ****
make clean 
rm -rf ./src/TestARM.d ./src/TestARM.o
rm -rf TestARM
 
10:11:41 **** Incremental Build of configuration Debug for project TestARM ****
make all 
Building file: ../src/TestARM.cpp
Invoking: Cross G++ Compiler
arm-linux-gnueabihf-g++ -O0 -g3 -Wall -c -fmessage-length=0 -MMD -MP -MF"src/TestARM.d" -MT"src/TestARM.o" -o "src/TestARM.o" "../src/TestARM.cpp"
../src/TestARM.cpp: In function ‘int main(int, char**)’:
../src/TestARM.cpp:160:9: warning: unused variable ‘n’ [-Wunused-variable]
  160 |     int n = read(fd, &read_buf, sizeof(read_buf));
      |         ^
Finished building: ../src/TestARM.cpp
 
Building target: TestARM
Invoking: Cross G++ Linker
arm-linux-gnueabihf-g++  -o "TestARM" ./src/TestARM.o   
Finished building target: TestARM
 
scp TestARM debian@192.168.7.2:/home/debian/BBBTest
make: *** [makefile:50: all] Beëindigd
make[1]: [makefile:69: post-build] Fout 1 (genegeerd)
Command canceled
10:13:22 **** Build of configuration Debug for project TestARM ****
make all 
make[1]: Er hoeft niets gedaan te worden voor 'main-build'.
scp TestARM debian@192.168.7.2:/home/debian/BBBTest
Debian GNU/Linux 10

BeagleBoard.org Debian Buster IoT Image 2020-04-06

Support: http://elinux.org/Beagleboard:BeagleBoneBlack_Debian

default username:password is [debian:temppwd]

 
20:30:39 **** Incremental Build of configuration Debug for project TestARM ****
make all 
make[1]: Er hoeft niets gedaan te worden voor 'main-build'.
scp TestARM debian@192.168.7.2:/home/debian/BBBTest
Debian GNU/Linux 10

BeagleBoard.org Debian Buster IoT Image 2020-04-06

Support: http://elinux.org/Beagleboard:BeagleBoneBlack_Debian

default username:password is [debian:temppwd]

 
12:22:09 **** Incremental Build of configuration Debug for project TestARM ****
make all 
make[1]: Er hoeft niets gedaan te worden voor 'main-build'.
scp TestARM debian@192.168.7.2:/home/debian/BBBTest
ssh: connect to host 192.168.7.2 port 22: Connection timed out
lost connection
make[1]: [makefile:69: post-build] Fout 1 (genegeerd)
 
12:24:20 **** Incremental Build of configuration Debug for project TestARM ****
make all 
make[1]: Er hoeft niets gedaan te worden voor 'main-build'.
scp TestARM debian@192.168.7.2:/home/debian/BBBTest
ssh: connect to host 192.168.7.2 port 22: Connection timed out
lost connection
make[1]: [makefile:69: post-build] Fout 1 (genegeerd)
 
12:26:31 **** Incremental Build of configuration Debug for project TestARM ****
make all 
make[1]: Er hoeft niets gedaan te worden voor 'main-build'.
scp TestARM debian@192.168.7.2:/home/debian/BBBTest
make: *** [makefile:50: all] Beëindigd
make[1]: [makefile:69: post-build] Fout 1 (genegeerd)
Command canceled
12:28:40 **** Build of configuration Debug for project TestARM ****
make all 
make[1]: Er hoeft niets gedaan te worden voor 'main-build'.
scp TestARM debian@192.168.7.2:/home/debian/BBBTest
make: *** [makefile:50: all] Beëindigd
make[1]: [makefile:69: post-build] Fout 1 (genegeerd)
Command canceled
12:30:49 **** Build of configuration Debug for project TestARM ****
make all 
make[1]: Er hoeft niets gedaan te worden voor 'main-build'.
scp TestARM debian@192.168.7.2:/home/debian/BBBTest
12:33:25 **** Build of configuration Debug for project TestARM ****
make all 
make[1]: Er hoeft niets gedaan te worden voor 'main-build'.
scp TestARM debian@192.168.7.2:/home/debian/BBBTest
make: *** [makefile:50: all] Beëindigd
make[1]: [makefile:69: post-build] Fout 1 (genegeerd)
Command canceled
12:35:32 **** Build of configuration Debug for project TestARM ****
make all 
Building target: TestARM
Invoking: Cross G++ Linker
arm-linux-gnueabihf-g++  -o "TestARM" ./src/TestARM.o   
Finished building target: TestARM
 
scp TestARM debian@192.168.1.251:/home/debian/BBBTest
Debian GNU/Linux 10

BeagleBoard.org Debian Buster IoT Image 2020-04-06

Support: http://elinux.org/Beagleboard:BeagleBoneBlack_Debian

default username:password is [debian:temppwd]

 
12:38:58 **** Incremental Build of configuration Debug for project TestARM ****
make all 
make[1]: Er hoeft niets gedaan te worden voor 'main-build'.
scp TestARM debian@192.168.1.251:/home/debian/BBBTest
Debian GNU/Linux 10

BeagleBoard.org Debian Buster IoT Image 2020-04-06

Support: http://elinux.org/Beagleboard:BeagleBoneBlack_Debian

default username:password is [debian:temppwd]

 
12:39:21 **** Incremental Build of configuration Debug for project TestARM ****
make all 
make[1]: Er hoeft niets gedaan te worden voor 'main-build'.
scp TestARM debian@192.168.1.251:/home/debian/BBBTest
Debian GNU/Linux 10

BeagleBoard.org Debian Buster IoT Image 2020-04-06

Support: http://elinux.org/Beagleboard:BeagleBoneBlack_Debian

default username:password is [debian:temppwd]

 
12:43:25 **** Incremental Build of configuration Debug for project TestARM ****
make all 
make[1]: Er hoeft niets gedaan te worden voor 'main-build'.
scp TestARM debian@192.168.1.251:/home/debian/BBBTest
Debian GNU/Linux 10

BeagleBoard.org Debian Buster IoT Image 2020-04-06

Support: http://elinux.org/Beagleboard:BeagleBoneBlack_Debian

default username:password is [debian:temppwd]

 
12:44:20 **** Incremental Build of configuration Debug for project TestARM ****
make all 
make[1]: Er hoeft niets gedaan te worden voor 'main-build'.
scp TestARM debian@192.168.1.251:/home/debian/BBBTest
Debian GNU/Linux 10

BeagleBoard.org Debian Buster IoT Image 2020-04-06

Support: http://elinux.org/Beagleboard:BeagleBoneBlack_Debian

default username:password is [debian:temppwd]

 
12:52:10 **** Incremental Build of configuration Debug for project TestARM ****
make all 
Building file: ../src/TestARM.cpp
Invoking: Cross G++ Compiler
arm-linux-gnueabihf-g++ -O0 -g3 -Wall -c -fmessage-length=0 -MMD -MP -MF"src/TestARM.d" -MT"src/TestARM.o" -o "src/TestARM.o" "../src/TestARM.cpp"
../src/TestARM.cpp: In function ‘int main(int, char**)’:
../src/TestARM.cpp:160:9: warning: unused variable ‘n’ [-Wunused-variable]
  160 |     int n = read(fd, &read_buf, sizeof(read_buf));
      |         ^
Finished building: ../src/TestARM.cpp
 
Building target: TestARM
Invoking: Cross G++ Linker
arm-linux-gnueabihf-g++  -o "TestARM" ./src/TestARM.o   
Finished building target: TestARM
 
scp TestARM debian@192.168.1.251:/home/debian/BBBTest
Debian GNU/Linux 10

BeagleBoard.org Debian Buster IoT Image 2020-04-06

Support: http://elinux.org/Beagleboard:BeagleBoneBlack_Debian

default username:password is [debian:temppwd]

 
12:52:23 **** Incremental Build of configuration Debug for project TestARM ****
make all 
make[1]: Er hoeft niets gedaan te worden voor 'main-build'.
scp TestARM debian@192.168.1.251:/home/debian/BBBTest
Debian GNU/Linux 10

BeagleBoard.org Debian Buster IoT Image 2020-04-06

Support: http://elinux.org/Beagleboard:BeagleBoneBlack_Debian

default username:password is [debian:temppwd]

 
12:52:33 **** Incremental Build of configuration Debug for project TestARM ****
make all 
make[1]: Er hoeft niets gedaan te worden voor 'main-build'.
scp TestARM debian@192.168.1.251:/home/debian/BBBTest
Debian GNU/Linux 10

BeagleBoard.org Debian Buster IoT Image 2020-04-06

Support: http://elinux.org/Beagleboard:BeagleBoneBlack_Debian

default username:password is [debian:temppwd]

 
12:53:10 **** Incremental Build of configuration Debug for project TestARM ****
make all 
Building file: ../src/TestARM.cpp
Invoking: Cross G++ Compiler
arm-linux-gnueabihf-g++ -O0 -g3 -Wall -c -fmessage-length=0 -MMD -MP -MF"src/TestARM.d" -MT"src/TestARM.o" -o "src/TestARM.o" "../src/TestARM.cpp"
../src/TestARM.cpp: In function ‘int main(int, char**)’:
../src/TestARM.cpp:160:9: warning: unused variable ‘n’ [-Wunused-variable]
  160 |     int n = read(fd, &read_buf, sizeof(read_buf));
      |         ^
Finished building: ../src/TestARM.cpp
 
Building target: TestARM
Invoking: Cross G++ Linker
arm-linux-gnueabihf-g++  -o "TestARM" ./src/TestARM.o   
Finished building target: TestARM
 
scp TestARM debian@192.168.1.251:/home/debian/BBBTest
Debian GNU/Linux 10

BeagleBoard.org Debian Buster IoT Image 2020-04-06

Support: http://elinux.org/Beagleboard:BeagleBoneBlack_Debian

default username:password is [debian:temppwd]

 
12:53:16 **** Incremental Build of configuration Debug for project TestARM ****
make all 
make[1]: Er hoeft niets gedaan te worden voor 'main-build'.
scp TestARM debian@192.168.1.251:/home/debian/BBBTest
Debian GNU/Linux 10

BeagleBoard.org Debian Buster IoT Image 2020-04-06

Support: http://elinux.org/Beagleboard:BeagleBoneBlack_Debian

default username:password is [debian:temppwd]

 
12:56:47 **** Incremental Build of configuration Debug for project TestARM ****
make all 
make[1]: Er hoeft niets gedaan te worden voor 'main-build'.
scp TestARM debian@192.168.1.251:/home/debian/BBBTest
Debian GNU/Linux 10

BeagleBoard.org Debian Buster IoT Image 2020-04-06

Support: http://elinux.org/Beagleboard:BeagleBoneBlack_Debian

default username:password is [debian:temppwd]

 
09:09:33 **** Incremental Build of configuration Debug for project TestARM ****
make all 
Building target: TestARM
Invoking: Cross G++ Linker
arm-linux-gnueabihf-g++  -o "TestARM" ./src/TestARM.o   
Finished building target: TestARM
 
scp TestARM debian@192.168.7.2:/home/debian/BBBTest
Debian GNU/Linux 10

BeagleBoard.org Debian Buster IoT Image 2020-04-06

Support: http://elinux.org/Beagleboard:BeagleBoneBlack_Debian

default username:password is [debian:temppwd]

 
09:23:10 **** Incremental Build of configuration Debug for project TestARM ****
make all 
make[1]: Er hoeft niets gedaan te worden voor 'main-build'.
scp TestARM debian@192.168.7.2:/home/debian/BBBTest
Debian GNU/Linux 10

BeagleBoard.org Debian Buster IoT Image 2020-04-06

Support: http://elinux.org/Beagleboard:BeagleBoneBlack_Debian

default username:password is [debian:temppwd]

 
09:26:15 **** Incremental Build of configuration Debug for project TestARM ****
make all 
make[1]: Er hoeft niets gedaan te worden voor 'main-build'.
scp TestARM debian@192.168.7.2:/home/debian/BBBTest
Debian GNU/Linux 10

BeagleBoard.org Debian Buster IoT Image 2020-04-06

Support: http://elinux.org/Beagleboard:BeagleBoneBlack_Debian

default username:password is [debian:temppwd]

 
09:55:57 **** Incremental Build of configuration Debug for project TestARM ****
make all 
Building file: ../src/TestARM.cpp
Invoking: Cross G++ Compiler
arm-linux-gnueabihf-g++ -O0 -g3 -Wall -c -fmessage-length=0 -MMD -MP -MF"src/TestARM.d" -MT"src/TestARM.o" -o "src/TestARM.o" "../src/TestARM.cpp"
../src/TestARM.cpp: In function ‘int main(int, char**)’:
../src/TestARM.cpp:110:9: warning: unused variable ‘error’ [-Wunused-variable]
  110 |     int error = 0;
      |         ^~~~~
../src/TestARM.cpp:135:9: warning: unused variable ‘n’ [-Wunused-variable]
  135 |     int n = read(fd, &read_buf, sizeof(read_buf));
      |         ^
Finished building: ../src/TestARM.cpp
 
Building target: TestARM
Invoking: Cross G++ Linker
arm-linux-gnueabihf-g++  -o "TestARM" ./src/TestARM.o   
Finished building target: TestARM
 
scp TestARM debian@192.168.7.2:/home/debian/BBBTest
Debian GNU/Linux 10

BeagleBoard.org Debian Buster IoT Image 2020-04-06

Support: http://elinux.org/Beagleboard:BeagleBoneBlack_Debian

default username:password is [debian:temppwd]

 
10:05:18 **** Incremental Build of configuration Debug for project TestARM ****
make all 
Building file: ../src/TestARM.cpp
Invoking: Cross G++ Compiler
arm-linux-gnueabihf-g++ -O0 -g3 -Wall -c -fmessage-length=0 -MMD -MP -MF"src/TestARM.d" -MT"src/TestARM.o" -o "src/TestARM.o" "../src/TestARM.cpp"
../src/TestARM.cpp: In function ‘int main(int, char**)’:
../src/TestARM.cpp:111:9: warning: unused variable ‘error’ [-Wunused-variable]
  111 |     int error = 0;
      |         ^~~~~
../src/TestARM.cpp:136:9: warning: unused variable ‘n’ [-Wunused-variable]
  136 |     int n = read(fd, &read_buf, sizeof(read_buf));
      |         ^
Finished building: ../src/TestARM.cpp
 
Building target: TestARM
Invoking: Cross G++ Linker
arm-linux-gnueabihf-g++  -o "TestARM" ./src/TestARM.o   
Finished building target: TestARM
 
scp TestARM debian@192.168.7.2:/home/debian/BBBTest
Debian GNU/Linux 10

BeagleBoard.org Debian Buster IoT Image 2020-04-06

Support: http://elinux.org/Beagleboard:BeagleBoneBlack_Debian

default username:password is [debian:temppwd]

scp: /home/debian/BBBTest: Text file busy
make[1]: [makefile:69: post-build] Fout 1 (genegeerd)
 
10:05:37 **** Incremental Build of configuration Debug for project TestARM ****
make all 
make[1]: Er hoeft niets gedaan te worden voor 'main-build'.
scp TestARM debian@192.168.7.2:/home/debian/BBBTest
Debian GNU/Linux 10

BeagleBoard.org Debian Buster IoT Image 2020-04-06

Support: http://elinux.org/Beagleboard:BeagleBoneBlack_Debian

default username:password is [debian:temppwd]

 
10:05:56 **** Incremental Build of configuration Debug for project TestARM ****
make all 
make[1]: Er hoeft niets gedaan te worden voor 'main-build'.
scp TestARM debian@192.168.7.2:/home/debian/BBBTest
Debian GNU/Linux 10

BeagleBoard.org Debian Buster IoT Image 2020-04-06

Support: http://elinux.org/Beagleboard:BeagleBoneBlack_Debian

default username:password is [debian:temppwd]

 
10:18:16 **** Incremental Build of configuration Debug for project TestARM ****
make all 
make[1]: Er hoeft niets gedaan te worden voor 'main-build'.
scp TestARM debian@192.168.7.2:/home/debian/BBBTest
Debian GNU/Linux 10

BeagleBoard.org Debian Buster IoT Image 2020-04-06

Support: http://elinux.org/Beagleboard:BeagleBoneBlack_Debian

default username:password is [debian:temppwd]

 
10:22:13 **** Incremental Build of configuration Debug for project TestARM ****
make all 
Building file: ../src/TestARM.cpp
Invoking: Cross G++ Compiler
arm-linux-gnueabihf-g++ -O0 -g3 -Wall -c -fmessage-length=0 -MMD -MP -MF"src/TestARM.d" -MT"src/TestARM.o" -o "src/TestARM.o" "../src/TestARM.cpp"
../src/TestARM.cpp: In function ‘int main(int, char**)’:
../src/TestARM.cpp:111:9: warning: unused variable ‘error’ [-Wunused-variable]
  111 |     int error = 0;
      |         ^~~~~
../src/TestARM.cpp:136:9: warning: unused variable ‘n’ [-Wunused-variable]
  136 |     int n = read(fd, &read_buf, sizeof(read_buf));
      |         ^
Finished building: ../src/TestARM.cpp
 
Building target: TestARM
Invoking: Cross G++ Linker
arm-linux-gnueabihf-g++  -o "TestARM" ./src/TestARM.o   
Finished building target: TestARM
 
scp TestARM debian@192.168.7.2:/home/debian/BBBTest
Debian GNU/Linux 10

BeagleBoard.org Debian Buster IoT Image 2020-04-06

Support: http://elinux.org/Beagleboard:BeagleBoneBlack_Debian

default username:password is [debian:temppwd]

 
10:22:24 **** Incremental Build of configuration Debug for project TestARM ****
make all 
make[1]: Er hoeft niets gedaan te worden voor 'main-build'.
scp TestARM debian@192.168.7.2:/home/debian/BBBTest
Debian GNU/Linux 10

BeagleBoard.org Debian Buster IoT Image 2020-04-06

Support: http://elinux.org/Beagleboard:BeagleBoneBlack_Debian

default username:password is [debian:temppwd]

 
10:23:27 **** Incremental Build of configuration Debug for project TestARM ****
make all 
Building file: ../src/TestARM.cpp
Invoking: Cross G++ Compiler
arm-linux-gnueabihf-g++ -O0 -g3 -Wall -c -fmessage-length=0 -MMD -MP -MF"src/TestARM.d" -MT"src/TestARM.o" -o "src/TestARM.o" "../src/TestARM.cpp"
../src/TestARM.cpp: In function ‘int main(int, char**)’:
../src/TestARM.cpp:111:9: warning: unused variable ‘error’ [-Wunused-variable]
  111 |     int error = 0;
      |         ^~~~~
../src/TestARM.cpp:136:9: warning: unused variable ‘n’ [-Wunused-variable]
  136 |     int n = read(fd, &read_buf, sizeof(read_buf));
      |         ^
Finished building: ../src/TestARM.cpp
 
Building target: TestARM
Invoking: Cross G++ Linker
arm-linux-gnueabihf-g++  -o "TestARM" ./src/TestARM.o   
Finished building target: TestARM
 
scp TestARM debian@192.168.7.2:/home/debian/BBBTest
Debian GNU/Linux 10

BeagleBoard.org Debian Buster IoT Image 2020-04-06

Support: http://elinux.org/Beagleboard:BeagleBoneBlack_Debian

default username:password is [debian:temppwd]

 
10:23:33 **** Incremental Build of configuration Debug for project TestARM ****
make all 
make[1]: Er hoeft niets gedaan te worden voor 'main-build'.
scp TestARM debian@192.168.7.2:/home/debian/BBBTest
Debian GNU/Linux 10

BeagleBoard.org Debian Buster IoT Image 2020-04-06

Support: http://elinux.org/Beagleboard:BeagleBoneBlack_Debian

default username:password is [debian:temppwd]

 
10:33:07 **** Incremental Build of configuration Debug for project TestARM ****
make all 
Building file: ../src/TestARM.cpp
Invoking: Cross G++ Compiler
arm-linux-gnueabihf-g++ -O0 -g3 -Wall -c -fmessage-length=0 -MMD -MP -MF"src/TestARM.d" -MT"src/TestARM.o" -o "src/TestARM.o" "../src/TestARM.cpp"
../src/TestARM.cpp: In function ‘int main(int, char**)’:
../src/TestARM.cpp:111:9: warning: unused variable ‘error’ [-Wunused-variable]
  111 |     int error = 0;
      |         ^~~~~
Finished building: ../src/TestARM.cpp
 
Building target: TestARM
Invoking: Cross G++ Linker
arm-linux-gnueabihf-g++  -o "TestARM" ./src/TestARM.o   
Finished building target: TestARM
 
scp TestARM debian@192.168.7.2:/home/debian/BBBTest
Debian GNU/Linux 10

BeagleBoard.org Debian Buster IoT Image 2020-04-06

Support: http://elinux.org/Beagleboard:BeagleBoneBlack_Debian

default username:password is [debian:temppwd]

 
10:43:22 **** Incremental Build of configuration Debug for project TestARM ****
make all 
Building file: ../src/TestARM.cpp
Invoking: Cross G++ Compiler
arm-linux-gnueabihf-g++ -O0 -g3 -Wall -c -fmessage-length=0 -MMD -MP -MF"src/TestARM.d" -MT"src/TestARM.o" -o "src/TestARM.o" "../src/TestARM.cpp"
../src/TestARM.cpp: In function ‘void ReadAddress(int, unsigned char, unsigned int, unsigned char)’:
../src/TestARM.cpp:201:21: error: ‘RawRxData’ was not declared in this scope
  201 |  int n = read(l_fd, RawRxData, MODBUSRXBUFFERSIZE);
      |                     ^~~~~~~~~
../src/TestARM.cpp:201:32: error: ‘MODBUSRXBUFFERSIZE’ was not declared in this scope
  201 |  int n = read(l_fd, RawRxData, MODBUSRXBUFFERSIZE);
      |                                ^~~~~~~~~~~~~~~~~~
../src/TestARM.cpp:209:3: error: ‘valid’ was not declared in this scope
  209 |   valid=0;
      |   ^~~~~
../src/TestARM.cpp: In function ‘int main(int, char**)’:
../src/TestARM.cpp:229:9: warning: unused variable ‘error’ [-Wunused-variable]
  229 |     int error = 0;
      |         ^~~~~
make[1]: *** [src/subdir.mk:20: src/TestARM.o] Fout 1
make: *** [makefile:50: all] Fout 2
"make all" terminated with exit code 2. Build might be incomplete.
10:48:25 **** Incremental Build of configuration Debug for project TestARM ****
make all 
Building file: ../src/TestARM.cpp
Invoking: Cross G++ Compiler
arm-linux-gnueabihf-g++ -O0 -g3 -Wall -c -fmessage-length=0 -MMD -MP -MF"src/TestARM.d" -MT"src/TestARM.o" -o "src/TestARM.o" "../src/TestARM.cpp"
../src/TestARM.cpp: In function ‘void ReadAddress(int, unsigned char, unsigned int, unsigned char)’:
../src/TestARM.cpp:212:3: error: ‘valid’ was not declared in this scope
  212 |   valid=0;
      |   ^~~~~
../src/TestARM.cpp: In function ‘int main(int, char**)’:
../src/TestARM.cpp:232:9: warning: unused variable ‘error’ [-Wunused-variable]
  232 |     int error = 0;
      |         ^~~~~
make[1]: *** [src/subdir.mk:20: src/TestARM.o] Fout 1
make: *** [makefile:50: all] Fout 2
"make all" terminated with exit code 2. Build might be incomplete.
10:51:23 **** Incremental Build of configuration Debug for project TestARM ****
make all 
Building file: ../src/TestARM.cpp
Invoking: Cross G++ Compiler
arm-linux-gnueabihf-g++ -O0 -g3 -Wall -c -fmessage-length=0 -MMD -MP -MF"src/TestARM.d" -MT"src/TestARM.o" -o "src/TestARM.o" "../src/TestARM.cpp"
../src/TestARM.cpp: In function ‘int main(int, char**)’:
../src/TestARM.cpp:233:9: warning: unused variable ‘error’ [-Wunused-variable]
  233 |     int error = 0;
      |         ^~~~~
Finished building: ../src/TestARM.cpp
 
Building target: TestARM
Invoking: Cross G++ Linker
arm-linux-gnueabihf-g++  -o "TestARM" ./src/TestARM.o   
Finished building target: TestARM
 
scp TestARM debian@192.168.7.2:/home/debian/BBBTest
Debian GNU/Linux 10

BeagleBoard.org Debian Buster IoT Image 2020-04-06

Support: http://elinux.org/Beagleboard:BeagleBoneBlack_Debian

default username:password is [debian:temppwd]

 
10:55:48 **** Incremental Build of configuration Debug for project TestARM ****
make all 
Building file: ../src/TestARM.cpp
Invoking: Cross G++ Compiler
arm-linux-gnueabihf-g++ -O0 -g3 -Wall -c -fmessage-length=0 -MMD -MP -MF"src/TestARM.d" -MT"src/TestARM.o" -o "src/TestARM.o" "../src/TestARM.cpp"
../src/TestARM.cpp: In function ‘int main(int, char**)’:
../src/TestARM.cpp:233:9: warning: unused variable ‘error’ [-Wunused-variable]
  233 |     int error = 0;
      |         ^~~~~
Finished building: ../src/TestARM.cpp
 
Building target: TestARM
Invoking: Cross G++ Linker
arm-linux-gnueabihf-g++  -o "TestARM" ./src/TestARM.o   
Finished building target: TestARM
 
scp TestARM debian@192.168.7.2:/home/debian/BBBTest
Debian GNU/Linux 10

BeagleBoard.org Debian Buster IoT Image 2020-04-06

Support: http://elinux.org/Beagleboard:BeagleBoneBlack_Debian

default username:password is [debian:temppwd]

 
10:58:41 **** Incremental Build of configuration Debug for project TestARM ****
make all 
Building file: ../src/TestARM.cpp
Invoking: Cross G++ Compiler
arm-linux-gnueabihf-g++ -O0 -g3 -Wall -c -fmessage-length=0 -MMD -MP -MF"src/TestARM.d" -MT"src/TestARM.o" -o "src/TestARM.o" "../src/TestARM.cpp"
../src/TestARM.cpp: In function ‘int main(int, char**)’:
../src/TestARM.cpp:233:9: warning: unused variable ‘error’ [-Wunused-variable]
  233 |     int error = 0;
      |         ^~~~~
Finished building: ../src/TestARM.cpp
 
Building target: TestARM
Invoking: Cross G++ Linker
arm-linux-gnueabihf-g++  -o "TestARM" ./src/TestARM.o   
Finished building target: TestARM
 
scp TestARM debian@192.168.7.2:/home/debian/BBBTest
Debian GNU/Linux 10

BeagleBoard.org Debian Buster IoT Image 2020-04-06

Support: http://elinux.org/Beagleboard:BeagleBoneBlack_Debian

default username:password is [debian:temppwd]

 
19:40:27 **** Incremental Build of configuration Debug for project TestARM ****
make all 
make[1]: Er hoeft niets gedaan te worden voor 'main-build'.
scp TestARM debian@192.168.7.2:/home/debian/BBBTest
make: *** wait: Geen dochterprocessen.  Gestopt.
make: *** Wachten op onvoltooide taken...
make: *** wait: Geen dochterprocessen.  Gestopt.
make[1]: *** wait: Geen dochterprocessen.  Gestopt.
make[1]: *** Wachten op onvoltooide taken...
make[1]: *** wait: Geen dochterprocessen.  Gestopt.
Command canceled
19:41:16 **** Build of configuration Debug for project TestARM ****
make all 
make[1]: Er hoeft niets gedaan te worden voor 'main-build'.
scp TestARM debian@192.168.7.2:/home/debian/BBBTest
make[1]: *** wait: Geen dochterprocessen.  Gestopt.
make[1]: *** Wachten op onvoltooide taken...
make[1]: *** wait: Geen dochterprocessen.  Gestopt.
make: *** wait: Geen dochterprocessen.  Gestopt.
make: *** Wachten op onvoltooide taken...
make: *** wait: Geen dochterprocessen.  Gestopt.
Command canceled
19:42:36 **** Build of configuration Debug for project TestARM ****
make all 
Building target: TestARM
Invoking: Cross G++ Linker
arm-linux-gnueabihf-g++  -o "TestARM" ./src/TestARM.o   
Finished building target: TestARM
 
scp TestARM debian@192.168.1.251:/home/debian/BBBTest
Debian GNU/Linux 10

BeagleBoard.org Debian Buster IoT Image 2020-04-06

Support: http://elinux.org/Beagleboard:BeagleBoneBlack_Debian

default username:password is [debian:temppwd]

 
19:45:46 **** Incremental Build of configuration Debug for project TestARM ****
make all 
Building file: ../src/TestARM.cpp
Invoking: Cross G++ Compiler
arm-linux-gnueabihf-g++ -O0 -g3 -Wall -c -fmessage-length=0 -MMD -MP -MF"src/TestARM.d" -MT"src/TestARM.o" -o "src/TestARM.o" "../src/TestARM.cpp"
../src/TestARM.cpp: In function ‘int main(int, char**)’:
../src/TestARM.cpp:233:9: warning: unused variable ‘error’ [-Wunused-variable]
  233 |     int error = 0;
      |         ^~~~~
Finished building: ../src/TestARM.cpp
 
Building target: TestARM
Invoking: Cross G++ Linker
arm-linux-gnueabihf-g++  -o "TestARM" ./src/TestARM.o   
Finished building target: TestARM
 
scp TestARM debian@192.168.1.251:/home/debian/BBBTest
Debian GNU/Linux 10

BeagleBoard.org Debian Buster IoT Image 2020-04-06

Support: http://elinux.org/Beagleboard:BeagleBoneBlack_Debian

default username:password is [debian:temppwd]

 
20:10:02 **** Incremental Build of configuration Debug for project TestARM ****
make all 
Building file: ../src/TestARM.cpp
Invoking: Cross G++ Compiler
arm-linux-gnueabihf-g++ -O0 -g3 -Wall -c -fmessage-length=0 -MMD -MP -MF"src/TestARM.d" -MT"src/TestARM.o" -o "src/TestARM.o" "../src/TestARM.cpp"
../src/TestARM.cpp: In function ‘int main(int, char**)’:
../src/TestARM.cpp:233:9: warning: unused variable ‘error’ [-Wunused-variable]
  233 |     int error = 0;
      |         ^~~~~
Finished building: ../src/TestARM.cpp
 
Building target: TestARM
Invoking: Cross G++ Linker
arm-linux-gnueabihf-g++  -o "TestARM" ./src/TestARM.o   
Finished building target: TestARM
 
scp TestARM debian@192.168.1.251:/home/debian/BBBTest
Debian GNU/Linux 10

BeagleBoard.org Debian Buster IoT Image 2020-04-06

Support: http://elinux.org/Beagleboard:BeagleBoneBlack_Debian

default username:password is [debian:temppwd]

 
20:10:11 **** Incremental Build of configuration Debug for project TestARM ****
make all 
Building file: ../src/TestARM.cpp
Invoking: Cross G++ Compiler
arm-linux-gnueabihf-g++ -O0 -g3 -Wall -c -fmessage-length=0 -MMD -MP -MF"src/TestARM.d" -MT"src/TestARM.o" -o "src/TestARM.o" "../src/TestARM.cpp"
Finished building: ../src/TestARM.cpp
 
Building target: TestARM
Invoking: Cross G++ Linker
arm-linux-gnueabihf-g++  -o "TestARM" ./src/TestARM.o   
Finished building target: TestARM
 
scp TestARM debian@192.168.1.251:/home/debian/BBBTest
Debian GNU/Linux 10

BeagleBoard.org Debian Buster IoT Image 2020-04-06

Support: http://elinux.org/Beagleboard:BeagleBoneBlack_Debian

default username:password is [debian:temppwd]

 
21:26:32 **** Incremental Build of configuration Debug for project TestARM ****
make all 
make[1]: Er hoeft niets gedaan te worden voor 'main-build'.
scp TestARM debian@192.168.1.251:/home/debian/BBBTest
Debian GNU/Linux 10

BeagleBoard.org Debian Buster IoT Image 2020-04-06

Support: http://elinux.org/Beagleboard:BeagleBoneBlack_Debian

default username:password is [debian:temppwd]

 
